<?xml version="1.0" encoding="UTF-8"?>
<testng-results skipped="0" failed="0" ignored="0" total="1" passed="1">
  <reporter-output>
  </reporter-output>
  <suite name="Suite1" duration-ms="16510" started-at="2020-03-02T03:36:52 IST" finished-at="2020-03-02T03:37:09 IST">
    <groups>
    </groups>
    <test name="module1" duration-ms="16510" started-at="2020-03-02T03:36:52 IST" finished-at="2020-03-02T03:37:09 IST">
      <class name="sample.sample.com.TestB">
        <test-method status="PASS" signature="start()[pri:0, instance:sample.sample.com.TestB@490ab905]" name="start" is-config="true" duration-ms="15567" started-at="2020-03-02T03:36:52 IST" finished-at="2020-03-02T03:37:08 IST">
          <reporter-output>
          </reporter-output>
        </test-method> <!-- start -->
        <test-method status="PASS" signature="search()[pri:0, instance:sample.sample.com.TestB@490ab905]" name="search" duration-ms="608" started-at="2020-03-02T03:37:08 IST" finished-at="2020-03-02T03:37:09 IST">
          <reporter-output>
          </reporter-output>
        </test-method> <!-- search -->
        <test-method status="PASS" signature="testB()[pri:0, instance:sample.sample.com.TestB@490ab905]" name="testB" is-config="true" duration-ms="232" started-at="2020-03-02T03:37:09 IST" finished-at="2020-03-02T03:37:09 IST">
          <reporter-output>
          </reporter-output>
        </test-method> <!-- testB -->
      </class> <!-- sample.sample.com.TestB -->
    </test> <!-- module1 -->
  </suite> <!-- Suite1 -->
</testng-results>
